2013/12/04 14:19:56 [error] [php] date(): It is not safe to rely on the system's timezone settings. You are *required* to use the date.timezone setting or the date_default_timezone_set() function. In case you used any of those methods and you are still getting this warning, you most likely misspelled the timezone identifier. We selected the timezone 'UTC' for now, but please set date.timezone to select your timezone. (/var/www/trackstar/protected/views/layouts/main.php:51)
Stack trace:
#0 /var/www/yii/framework/web/CBaseController.php(95): SiteController->renderInternal()
#1 /var/www/yii/framework/web/widgets/CContentDecorator.php(76): SiteController->renderFile()
#2 /var/www/yii/framework/web/widgets/CContentDecorator.php(54): CContentDecorator->decorate()
#3 /var/www/yii/framework/web/widgets/COutputProcessor.php(44): CContentDecorator->processOutput()
#4 /var/www/yii/framework/web/CBaseController.php(206): CContentDecorator->run()
#5 /var/www/yii/framework/web/CBaseController.php(300): SiteController->endWidget()
#6 /var/www/trackstar/protected/views/layouts/column1.php(6): SiteController->endContent()
#7 /var/www/yii/framework/web/CBaseController.php(126): require()
#8 /var/www/yii/framework/web/CBaseController.php(95): SiteController->renderInternal()
#9 /var/www/yii/framework/web/CController.php(784): SiteController->renderFile()
#10 /var/www/trackstar/protected/controllers/SiteController.php(32): SiteController->render()
#11 /var/www/yii/framework/web/actions/CInlineAction.php(49): SiteController->actionIndex()
#12 /var/www/yii/framework/web/CController.php(308): CInlineAction->runWithParams()
#13 /var/www/yii/framework/web/CController.php(286): SiteController->runAction()
#14 /var/www/yii/framework/web/CController.php(265): SiteController->runActionWithFilters()
#15 /var/www/yii/framework/web/CWebApplication.php(282): SiteController->run()
#16 /var/www/yii/framework/web/CWebApplication.php(141): CWebApplication->runController()
#17 /var/www/yii/framework/base/CApplication.php(169): CWebApplication->processRequest()
#18 /var/www/trackstar/index.php(13): CWebApplication->run()
REQUEST_URI=/trackstar/
in /var/www/trackstar/protected/views/layouts/main.php (51)
in /var/www/trackstar/protected/views/layouts/column1.php (6)
in /var/www/trackstar/protected/controllers/SiteController.php (32)
2013/12/04 14:24:42 [error] [php] date(): It is not safe to rely on the system's timezone settings. You are *required* to use the date.timezone setting or the date_default_timezone_set() function. In case you used any of those methods and you are still getting this warning, you most likely misspelled the timezone identifier. We selected the timezone 'UTC' for now, but please set date.timezone to select your timezone. (/var/www/trackstar/protected/views/layouts/main.php:51)
Stack trace:
#0 /var/www/yii/framework/web/CBaseController.php(95): SiteController->renderInternal()
#1 /var/www/yii/framework/web/widgets/CContentDecorator.php(76): SiteController->renderFile()
#2 /var/www/yii/framework/web/widgets/CContentDecorator.php(54): CContentDecorator->decorate()
#3 /var/www/yii/framework/web/widgets/COutputProcessor.php(44): CContentDecorator->processOutput()
#4 /var/www/yii/framework/web/CBaseController.php(206): CContentDecorator->run()
#5 /var/www/yii/framework/web/CBaseController.php(300): SiteController->endWidget()
#6 /var/www/trackstar/protected/views/layouts/column1.php(6): SiteController->endContent()
#7 /var/www/yii/framework/web/CBaseController.php(126): require()
#8 /var/www/yii/framework/web/CBaseController.php(95): SiteController->renderInternal()
#9 /var/www/yii/framework/web/CController.php(784): SiteController->renderFile()
#10 /var/www/trackstar/protected/controllers/SiteController.php(32): SiteController->render()
#11 /var/www/yii/framework/web/actions/CInlineAction.php(49): SiteController->actionIndex()
#12 /var/www/yii/framework/web/CController.php(308): CInlineAction->runWithParams()
#13 /var/www/yii/framework/web/CController.php(286): SiteController->runAction()
#14 /var/www/yii/framework/web/CController.php(265): SiteController->runActionWithFilters()
#15 /var/www/yii/framework/web/CWebApplication.php(282): SiteController->run()
#16 /var/www/yii/framework/web/CWebApplication.php(141): CWebApplication->runController()
#17 /var/www/yii/framework/base/CApplication.php(169): CWebApplication->processRequest()
#18 /var/www/trackstar/index.php(13): CWebApplication->run()
REQUEST_URI=/trackstar/
in /var/www/trackstar/protected/views/layouts/main.php (51)
in /var/www/trackstar/protected/views/layouts/column1.php (6)
in /var/www/trackstar/protected/controllers/SiteController.php (32)
2013/12/04 14:24:44 [error] [php] date(): It is not safe to rely on the system's timezone settings. You are *required* to use the date.timezone setting or the date_default_timezone_set() function. In case you used any of those methods and you are still getting this warning, you most likely misspelled the timezone identifier. We selected the timezone 'UTC' for now, but please set date.timezone to select your timezone. (/var/www/trackstar/protected/views/layouts/main.php:51)
Stack trace:
#0 /var/www/yii/framework/web/CBaseController.php(95): SiteController->renderInternal()
#1 /var/www/yii/framework/web/widgets/CContentDecorator.php(76): SiteController->renderFile()
#2 /var/www/yii/framework/web/widgets/CContentDecorator.php(54): CContentDecorator->decorate()
#3 /var/www/yii/framework/web/widgets/COutputProcessor.php(44): CContentDecorator->processOutput()
#4 /var/www/yii/framework/web/CBaseController.php(206): CContentDecorator->run()
#5 /var/www/yii/framework/web/CBaseController.php(300): SiteController->endWidget()
#6 /var/www/trackstar/protected/views/layouts/column1.php(6): SiteController->endContent()
#7 /var/www/yii/framework/web/CBaseController.php(126): require()
#8 /var/www/yii/framework/web/CBaseController.php(95): SiteController->renderInternal()
#9 /var/www/yii/framework/web/CController.php(784): SiteController->renderFile()
#10 /var/www/trackstar/protected/controllers/SiteController.php(32): SiteController->render()
#11 /var/www/yii/framework/web/actions/CInlineAction.php(49): SiteController->actionIndex()
#12 /var/www/yii/framework/web/CController.php(308): CInlineAction->runWithParams()
#13 /var/www/yii/framework/web/CController.php(286): SiteController->runAction()
#14 /var/www/yii/framework/web/CController.php(265): SiteController->runActionWithFilters()
#15 /var/www/yii/framework/web/CWebApplication.php(282): SiteController->run()
#16 /var/www/yii/framework/web/CWebApplication.php(141): CWebApplication->runController()
#17 /var/www/yii/framework/base/CApplication.php(169): CWebApplication->processRequest()
#18 /var/www/trackstar/index.php(13): CWebApplication->run()
REQUEST_URI=/trackstar/
in /var/www/trackstar/protected/views/layouts/main.php (51)
in /var/www/trackstar/protected/views/layouts/column1.php (6)
in /var/www/trackstar/protected/controllers/SiteController.php (32)
2013/12/04 14:25:33 [error] [php] date(): It is not safe to rely on the system's timezone settings. You are *required* to use the date.timezone setting or the date_default_timezone_set() function. In case you used any of those methods and you are still getting this warning, you most likely misspelled the timezone identifier. We selected the timezone 'UTC' for now, but please set date.timezone to select your timezone. (/var/www/trackstar/protected/views/layouts/main.php:51)
Stack trace:
#0 /var/www/yii/framework/web/CBaseController.php(95): SiteController->renderInternal()
#1 /var/www/yii/framework/web/widgets/CContentDecorator.php(76): SiteController->renderFile()
#2 /var/www/yii/framework/web/widgets/CContentDecorator.php(54): CContentDecorator->decorate()
#3 /var/www/yii/framework/web/widgets/COutputProcessor.php(44): CContentDecorator->processOutput()
#4 /var/www/yii/framework/web/CBaseController.php(206): CContentDecorator->run()
#5 /var/www/yii/framework/web/CBaseController.php(300): SiteController->endWidget()
#6 /var/www/trackstar/protected/views/layouts/column1.php(6): SiteController->endContent()
#7 /var/www/yii/framework/web/CBaseController.php(126): require()
#8 /var/www/yii/framework/web/CBaseController.php(95): SiteController->renderInternal()
#9 /var/www/yii/framework/web/CController.php(784): SiteController->renderFile()
#10 /var/www/trackstar/protected/controllers/SiteController.php(32): SiteController->render()
#11 /var/www/yii/framework/web/actions/CInlineAction.php(49): SiteController->actionIndex()
#12 /var/www/yii/framework/web/CController.php(308): CInlineAction->runWithParams()
#13 /var/www/yii/framework/web/CController.php(286): SiteController->runAction()
#14 /var/www/yii/framework/web/CController.php(265): SiteController->runActionWithFilters()
#15 /var/www/yii/framework/web/CWebApplication.php(282): SiteController->run()
#16 /var/www/yii/framework/web/CWebApplication.php(141): CWebApplication->runController()
#17 /var/www/yii/framework/base/CApplication.php(169): CWebApplication->processRequest()
#18 /var/www/trackstar/index.php(13): CWebApplication->run()
REQUEST_URI=/trackstar/
in /var/www/trackstar/protected/views/layouts/main.php (51)
in /var/www/trackstar/protected/views/layouts/column1.php (6)
in /var/www/trackstar/protected/controllers/SiteController.php (32)
2013/12/04 14:25:34 [error] [php] date(): It is not safe to rely on the system's timezone settings. You are *required* to use the date.timezone setting or the date_default_timezone_set() function. In case you used any of those methods and you are still getting this warning, you most likely misspelled the timezone identifier. We selected the timezone 'UTC' for now, but please set date.timezone to select your timezone. (/var/www/trackstar/protected/views/layouts/main.php:51)
Stack trace:
#0 /var/www/yii/framework/web/CBaseController.php(95): SiteController->renderInternal()
#1 /var/www/yii/framework/web/widgets/CContentDecorator.php(76): SiteController->renderFile()
#2 /var/www/yii/framework/web/widgets/CContentDecorator.php(54): CContentDecorator->decorate()
#3 /var/www/yii/framework/web/widgets/COutputProcessor.php(44): CContentDecorator->processOutput()
#4 /var/www/yii/framework/web/CBaseController.php(206): CContentDecorator->run()
#5 /var/www/yii/framework/web/CBaseController.php(300): SiteController->endWidget()
#6 /var/www/trackstar/protected/views/layouts/column1.php(6): SiteController->endContent()
#7 /var/www/yii/framework/web/CBaseController.php(126): require()
#8 /var/www/yii/framework/web/CBaseController.php(95): SiteController->renderInternal()
#9 /var/www/yii/framework/web/CController.php(784): SiteController->renderFile()
#10 /var/www/trackstar/protected/controllers/SiteController.php(32): SiteController->render()
#11 /var/www/yii/framework/web/actions/CInlineAction.php(49): SiteController->actionIndex()
#12 /var/www/yii/framework/web/CController.php(308): CInlineAction->runWithParams()
#13 /var/www/yii/framework/web/CController.php(286): SiteController->runAction()
#14 /var/www/yii/framework/web/CController.php(265): SiteController->runActionWithFilters()
#15 /var/www/yii/framework/web/CWebApplication.php(282): SiteController->run()
#16 /var/www/yii/framework/web/CWebApplication.php(141): CWebApplication->runController()
#17 /var/www/yii/framework/base/CApplication.php(169): CWebApplication->processRequest()
#18 /var/www/trackstar/index.php(13): CWebApplication->run()
REQUEST_URI=/trackstar/
in /var/www/trackstar/protected/views/layouts/main.php (51)
in /var/www/trackstar/protected/views/layouts/column1.php (6)
in /var/www/trackstar/protected/controllers/SiteController.php (32)
2013/12/04 14:26:02 [error] [php] date(): It is not safe to rely on the system's timezone settings. You are *required* to use the date.timezone setting or the date_default_timezone_set() function. In case you used any of those methods and you are still getting this warning, you most likely misspelled the timezone identifier. We selected the timezone 'UTC' for now, but please set date.timezone to select your timezone. (/var/www/trackstar/protected/views/layouts/main.php:51)
Stack trace:
#0 /var/www/yii/framework/web/CBaseController.php(95): SiteController->renderInternal()
#1 /var/www/yii/framework/web/widgets/CContentDecorator.php(76): SiteController->renderFile()
#2 /var/www/yii/framework/web/widgets/CContentDecorator.php(54): CContentDecorator->decorate()
#3 /var/www/yii/framework/web/widgets/COutputProcessor.php(44): CContentDecorator->processOutput()
#4 /var/www/yii/framework/web/CBaseController.php(206): CContentDecorator->run()
#5 /var/www/yii/framework/web/CBaseController.php(300): SiteController->endWidget()
#6 /var/www/trackstar/protected/views/layouts/column1.php(6): SiteController->endContent()
#7 /var/www/yii/framework/web/CBaseController.php(126): require()
#8 /var/www/yii/framework/web/CBaseController.php(95): SiteController->renderInternal()
#9 /var/www/yii/framework/web/CController.php(784): SiteController->renderFile()
#10 /var/www/trackstar/protected/controllers/SiteController.php(32): SiteController->render()
#11 /var/www/yii/framework/web/actions/CInlineAction.php(49): SiteController->actionIndex()
#12 /var/www/yii/framework/web/CController.php(308): CInlineAction->runWithParams()
#13 /var/www/yii/framework/web/CController.php(286): SiteController->runAction()
#14 /var/www/yii/framework/web/CController.php(265): SiteController->runActionWithFilters()
#15 /var/www/yii/framework/web/CWebApplication.php(282): SiteController->run()
#16 /var/www/yii/framework/web/CWebApplication.php(141): CWebApplication->runController()
#17 /var/www/yii/framework/base/CApplication.php(169): CWebApplication->processRequest()
#18 /var/www/trackstar/index.php(13): CWebApplication->run()
REQUEST_URI=/trackstar/
in /var/www/trackstar/protected/views/layouts/main.php (51)
in /var/www/trackstar/protected/views/layouts/column1.php (6)
in /var/www/trackstar/protected/controllers/SiteController.php (32)
2013/12/04 14:26:04 [error] [php] date(): It is not safe to rely on the system's timezone settings. You are *required* to use the date.timezone setting or the date_default_timezone_set() function. In case you used any of those methods and you are still getting this warning, you most likely misspelled the timezone identifier. We selected the timezone 'UTC' for now, but please set date.timezone to select your timezone. (/var/www/trackstar/protected/views/layouts/main.php:51)
Stack trace:
#0 /var/www/yii/framework/web/CBaseController.php(95): SiteController->renderInternal()
#1 /var/www/yii/framework/web/widgets/CContentDecorator.php(76): SiteController->renderFile()
#2 /var/www/yii/framework/web/widgets/CContentDecorator.php(54): CContentDecorator->decorate()
#3 /var/www/yii/framework/web/widgets/COutputProcessor.php(44): CContentDecorator->processOutput()
#4 /var/www/yii/framework/web/CBaseController.php(206): CContentDecorator->run()
#5 /var/www/yii/framework/web/CBaseController.php(300): SiteController->endWidget()
#6 /var/www/trackstar/protected/views/layouts/column1.php(6): SiteController->endContent()
#7 /var/www/yii/framework/web/CBaseController.php(126): require()
#8 /var/www/yii/framework/web/CBaseController.php(95): SiteController->renderInternal()
#9 /var/www/yii/framework/web/CController.php(784): SiteController->renderFile()
#10 /var/www/trackstar/protected/controllers/SiteController.php(32): SiteController->render()
#11 /var/www/yii/framework/web/actions/CInlineAction.php(49): SiteController->actionIndex()
#12 /var/www/yii/framework/web/CController.php(308): CInlineAction->runWithParams()
#13 /var/www/yii/framework/web/CController.php(286): SiteController->runAction()
#14 /var/www/yii/framework/web/CController.php(265): SiteController->runActionWithFilters()
#15 /var/www/yii/framework/web/CWebApplication.php(282): SiteController->run()
#16 /var/www/yii/framework/web/CWebApplication.php(141): CWebApplication->runController()
#17 /var/www/yii/framework/base/CApplication.php(169): CWebApplication->processRequest()
#18 /var/www/trackstar/index.php(13): CWebApplication->run()
REQUEST_URI=/trackstar/
in /var/www/trackstar/protected/views/layouts/main.php (51)
in /var/www/trackstar/protected/views/layouts/column1.php (6)
in /var/www/trackstar/protected/controllers/SiteController.php (32)
2013/12/04 21:06:10 [error] [exception.CDbException] exception 'CDbException' with message 'CDbConnection failed to open the DB connection: SQLSTATE[42000] [1049] Unknown database 'testdrive'' in /var/www/yii/framework/db/CDbConnection.php:381
Stack trace:
#0 /var/www/yii/framework/db/CDbConnection.php(330): CDbConnection->open()
#1 /var/www/yii/framework/db/CDbConnection.php(308): CDbConnection->setActive(true)
#2 /var/www/yii/framework/base/CModule.php(387): CDbConnection->init()
#3 /var/www/yii/framework/base/CModule.php(103): CModule->getComponent('db')
#4 /var/www/yii/framework/gii/generators/model/ModelCode.php(57): CModule->__get('db')
#5 /var/www/yii/framework/web/CFormModel.php(39): ModelCode->init()
#6 /var/www/yii/framework/gii/CCodeGenerator.php(153): CFormModel->__construct()
#7 /var/www/yii/framework/gii/CCodeGenerator.php(63): CCodeGenerator->prepare()
#8 /var/www/yii/framework/web/actions/CInlineAction.php(49): CCodeGenerator->actionIndex()
#9 /var/www/yii/framework/web/CController.php(308): CInlineAction->runWithParams(Array)
#10 /var/www/yii/framework/web/CController.php(286): CController->runAction(Object(CInlineAction))
#11 /var/www/yii/framework/web/CController.php(265): CController->runActionWithFilters(Object(CInlineAction), Array)
#12 /var/www/yii/framework/web/CWebApplication.php(282): CController->run('')
#13 /var/www/yii/framework/web/CWebApplication.php(141): CWebApplication->runController('gii/model')
#14 /var/www/yii/framework/base/CApplication.php(169): CWebApplication->processRequest()
#15 /var/www/trackstar/index.php(13): CApplication->run()
#16 {main}
REQUEST_URI=/trackstar/index.php/gii/model
HTTP_REFERER=http://localhost/trackstar/index.php/gii/default/index
---
2013/12/04 21:20:44 [error] [exception.CHttpException.403] exception 'CHttpException' with message 'You are not authorized to perform this action.' in /var/www/yii/framework/web/auth/CAccessControlFilter.php:179
Stack trace:
#0 /var/www/yii/framework/web/auth/CAccessControlFilter.php(142): CAccessControlFilter->accessDenied(Object(CWebUser), 'You are not aut...')
#1 /var/www/yii/framework/web/filters/CFilter.php(38): CAccessControlFilter->preFilter(Object(CFilterChain))
#2 /var/www/yii/framework/web/CController.php(1145): CFilter->filter(Object(CFilterChain))
#3 /var/www/yii/framework/web/filters/CInlineFilter.php(58): CController->filterAccessControl(Object(CFilterChain))
#4 /var/www/yii/framework/web/filters/CFilterChain.php(130): CInlineFilter->filter(Object(CFilterChain))
#5 /var/www/yii/framework/web/CController.php(291): CFilterChain->run()
#6 /var/www/yii/framework/web/CController.php(265): CController->runActionWithFilters(Object(CInlineAction), Array)
#7 /var/www/yii/framework/web/CWebApplication.php(282): CController->run('admin')
#8 /var/www/yii/framework/web/CWebApplication.php(141): CWebApplication->runController('project/admin')
#9 /var/www/yii/framework/base/CApplication.php(169): CWebApplication->processRequest()
#10 /var/www/trackstar/index.php(13): CApplication->run()
#11 {main}
REQUEST_URI=/trackstar/index.php/project/admin
HTTP_REFERER=http://localhost/trackstar/index.php/project/index
---
2013/12/04 21:27:40 [error] [exception.CHttpException.403] exception 'CHttpException' with message 'You are not authorized to perform this action.' in /var/www/yii/framework/web/auth/CAccessControlFilter.php:179
Stack trace:
#0 /var/www/yii/framework/web/auth/CAccessControlFilter.php(142): CAccessControlFilter->accessDenied(Object(CWebUser), 'You are not aut...')
#1 /var/www/yii/framework/web/filters/CFilter.php(38): CAccessControlFilter->preFilter(Object(CFilterChain))
#2 /var/www/yii/framework/web/CController.php(1145): CFilter->filter(Object(CFilterChain))
#3 /var/www/yii/framework/web/filters/CInlineFilter.php(58): CController->filterAccessControl(Object(CFilterChain))
#4 /var/www/yii/framework/web/filters/CFilterChain.php(130): CInlineFilter->filter(Object(CFilterChain))
#5 /var/www/yii/framework/web/CController.php(291): CFilterChain->run()
#6 /var/www/yii/framework/web/CController.php(265): CController->runActionWithFilters(Object(CInlineAction), Array)
#7 /var/www/yii/framework/web/CWebApplication.php(282): CController->run('admin')
#8 /var/www/yii/framework/web/CWebApplication.php(141): CWebApplication->runController('project/admin')
#9 /var/www/yii/framework/base/CApplication.php(169): CWebApplication->processRequest()
#10 /var/www/trackstar/index.php(13): CApplication->run()
#11 {main}
REQUEST_URI=/trackstar/index.php/project/admin
HTTP_REFERER=http://localhost/trackstar/index.php/project/index
---
2013/12/16 06:54:35 [error] [exception.CHttpException.404] exception 'CHttpException' with message 'Unable to resolve the request "trackstar".' in C:\xampp\htdocs\yii\framework\web\CWebApplication.php:286
Stack trace:
#0 C:\xampp\htdocs\yii\framework\web\CWebApplication.php(141): CWebApplication->runController('trackstar')
#1 C:\xampp\htdocs\yii\framework\base\CApplication.php(169): CWebApplication->processRequest()
#2 C:\xampp\htdocs\trackstar\index.php(13): CApplication->run()
#3 {main}
REQUEST_URI=/trackstar/index.php/trackstar
---
2013/12/16 06:54:41 [error] [exception.CDbException] exception 'CDbException' with message 'CDbConnection failed to open the DB connection: SQLSTATE[HY000] [1045] Access denied for user 'root'@'localhost' (using password: YES)' in C:\xampp\htdocs\yii\framework\db\CDbConnection.php:381
Stack trace:
#0 C:\xampp\htdocs\yii\framework\db\CDbConnection.php(330): CDbConnection->open()
#1 C:\xampp\htdocs\yii\framework\db\CDbConnection.php(308): CDbConnection->setActive(true)
#2 C:\xampp\htdocs\yii\framework\base\CModule.php(387): CDbConnection->init()
#3 C:\xampp\htdocs\yii\framework\base\CApplication.php(438): CModule->getComponent('db')
#4 C:\xampp\htdocs\yii\framework\db\ar\CActiveRecord.php(623): CApplication->getDb()
#5 C:\xampp\htdocs\yii\framework\db\ar\CActiveRecord.php(2309): CActiveRecord->getDbConnection()
#6 C:\xampp\htdocs\yii\framework\db\ar\CActiveRecord.php(387): CActiveRecordMetaData->__construct(Object(Project))
#7 C:\xampp\htdocs\yii\framework\web\CActiveDataProvider.php(74): CActiveRecord::model('Project')
#8 C:\xampp\htdocs\trackstar\protected\controllers\ProjectController.php(125): CActiveDataProvider->__construct('Project')
#9 C:\xampp\htdocs\yii\framework\web\actions\CInlineAction.php(49): ProjectController->actionIndex()
#10 C:\xampp\htdocs\yii\framework\web\CController.php(308): CInlineAction->runWithParams(Array)
#11 C:\xampp\htdocs\yii\framework\web\filters\CFilterChain.php(133): CController->runAction(Object(CInlineAction))
#12 C:\xampp\htdocs\yii\framework\web\filters\CFilter.php(40): CFilterChain->run()
#13 C:\xampp\htdocs\yii\framework\web\CController.php(1145): CFilter->filter(Object(CFilterChain))
#14 C:\xampp\htdocs\yii\framework\web\filters\CInlineFilter.php(58): CController->filterAccessControl(Object(CFilterChain))
#15 C:\xampp\htdocs\yii\framework\web\filters\CFilterChain.php(130): CInlineFilter->filter(Object(CFilterChain))
#16 C:\xampp\htdocs\yii\framework\web\CController.php(291): CFilterChain->run()
#17 C:\xampp\htdocs\yii\framework\web\CController.php(265): CController->runActionWithFilters(Object(CInlineAction), Array)
#18 C:\xampp\htdocs\yii\framework\web\CWebApplication.php(282): CController->run('')
#19 C:\xampp\htdocs\yii\framework\web\CWebApplication.php(141): CWebApplication->runController('project')
#20 C:\xampp\htdocs\yii\framework\base\CApplication.php(169): CWebApplication->processRequest()
#21 C:\xampp\htdocs\trackstar\index.php(13): CApplication->run()
#22 {main}
REQUEST_URI=/trackstar/index.php/project
---
